EDA Netlist Writer report for DES
Mon Jan 28 19:50:28 2013
Quartus II Version 10.1 Build 197 01/19/2011 Service Pack 1 SJ Web Edition


---------------------
; Table of Contents ;
---------------------
  1. Legal Notice
  2. EDA Netlist Writer Summary
  3. Simulation Settings
  4. Simulation Generated Files
  5. EDA Netlist Writer Messages



----------------
; Legal Notice ;
----------------
Copyright (C) 1991-2011 Altera Corporation
Your use of Altera Corporation's design tools, logic functions 
and other software and tools, and its AMPP partner logic 
functions, and any output files from any of the foregoing 
(including device programming or simulation files), and any 
associated documentation or information are expressly subject 
to the terms and conditions of the Altera Program License 
Subscription Agreement, Altera MegaCore Function License 
Agreement, or other applicable license agreement, including, 
without limitation, that your use is for the sole purpose of 
programming logic devices manufactured by Altera and sold by 
Altera or its authorized distributors.  Please refer to the 
applicable agreement for further details.



+-------------------------------------------------------------------+
; EDA Netlist Writer Summary                                        ;
+---------------------------+---------------------------------------+
; EDA Netlist Writer Status ; Successful - Mon Jan 28 19:50:28 2013 ;
; Revision Name             ; DES                                   ;
; Top-level Entity Name     ; Out                                   ;
; Family                    ; Cyclone III                           ;
; Simulation Files Creation ; Successful                            ;
+---------------------------+---------------------------------------+


+-------------------------------------------------------------------------------------------------------------------------------+
; Simulation Settings                                                                                                           ;
+---------------------------------------------------------------------------------------------------+---------------------------+
; Option                                                                                            ; Setting                   ;
+---------------------------------------------------------------------------------------------------+---------------------------+
; Tool Name                                                                                         ; ModelSim-Altera (Verilog) ;
; Generate netlist for functional simulation only                                                   ; Off                       ;
; Time scale                                                                                        ; 1 ps                      ;
; Truncate long hierarchy paths                                                                     ; Off                       ;
; Map illegal HDL characters                                                                        ; Off                       ;
; Flatten buses into individual nodes                                                               ; Off                       ;
; Maintain hierarchy                                                                                ; Off                       ;
; Bring out device-wide set/reset signals as ports                                                  ; Off                       ;
; Enable glitch filtering                                                                           ; Off                       ;
; Do not write top level VHDL entity                                                                ; Off                       ;
; Disable detection of setup and hold time violations in the input registers of bi-directional pins ; Off                       ;
; Architecture name in VHDL output netlist                                                          ; structure                 ;
; Generate third-party EDA tool command script for RTL functional simulation                        ; Off                       ;
; Generate third-party EDA tool command script for gate-level simulation                            ; Off                       ;
+---------------------------------------------------------------------------------------------------+---------------------------+


+--------------------------------------------------------------------------------------------------------------------------+
; Simulation Generated Files                                                                                               ;
+--------------------------------------------------------------------------------------------------------------------------+
; Generated Files                                                                                                          ;
+--------------------------------------------------------------------------------------------------------------------------+
; //eces172.colorado.edu/haynesjm/win7folders/Desktop/ECEN 3000/ECEN 3000/simulation/modelsim/DES_6_1200mv_85c_slow.vo     ;
; //eces172.colorado.edu/haynesjm/win7folders/Desktop/ECEN 3000/ECEN 3000/simulation/modelsim/DES_6_1200mv_0c_slow.vo      ;
; //eces172.colorado.edu/haynesjm/win7folders/Desktop/ECEN 3000/ECEN 3000/simulation/modelsim/DES_min_1200mv_0c_fast.vo    ;
; //eces172.colorado.edu/haynesjm/win7folders/Desktop/ECEN 3000/ECEN 3000/simulation/modelsim/DES.vo                       ;
; //eces172.colorado.edu/haynesjm/win7folders/Desktop/ECEN 3000/ECEN 3000/simulation/modelsim/DES_6_1200mv_85c_v_slow.sdo  ;
; //eces172.colorado.edu/haynesjm/win7folders/Desktop/ECEN 3000/ECEN 3000/simulation/modelsim/DES_6_1200mv_0c_v_slow.sdo   ;
; //eces172.colorado.edu/haynesjm/win7folders/Desktop/ECEN 3000/ECEN 3000/simulation/modelsim/DES_min_1200mv_0c_v_fast.sdo ;
; //eces172.colorado.edu/haynesjm/win7folders/Desktop/ECEN 3000/ECEN 3000/simulation/modelsim/DES_v.sdo                    ;
+--------------------------------------------------------------------------------------------------------------------------+


+-----------------------------+
; EDA Netlist Writer Messages ;
+-----------------------------+
Info: *******************************************************************
Info: Running Quartus II EDA Netlist Writer
    Info: Version 10.1 Build 197 01/19/2011 Service Pack 1 SJ Web Edition
    Info: Processing started: Mon Jan 28 19:50:26 2013
Info: Command: quartus_eda --read_settings_files=off --write_settings_files=off DES -c DES
Info: Generated simulation netlist will be non-hierarchical because the design has SignalTap II partitions, termination control logic and/or a design partition that contains bidirectional ports
Info: Generated file DES_6_1200mv_85c_slow.vo in folder "//eces172.colorado.edu/haynesjm/win7folders/Desktop/ECEN 3000/ECEN 3000/simulation/modelsim/" for EDA simulation tool
Info: Generated file DES_6_1200mv_0c_slow.vo in folder "//eces172.colorado.edu/haynesjm/win7folders/Desktop/ECEN 3000/ECEN 3000/simulation/modelsim/" for EDA simulation tool
Info: Generated file DES_min_1200mv_0c_fast.vo in folder "//eces172.colorado.edu/haynesjm/win7folders/Desktop/ECEN 3000/ECEN 3000/simulation/modelsim/" for EDA simulation tool
Info: Generated file DES.vo in folder "//eces172.colorado.edu/haynesjm/win7folders/Desktop/ECEN 3000/ECEN 3000/simulation/modelsim/" for EDA simulation tool
Info: Generated file DES_6_1200mv_85c_v_slow.sdo in folder "//eces172.colorado.edu/haynesjm/win7folders/Desktop/ECEN 3000/ECEN 3000/simulation/modelsim/" for EDA simulation tool
Info: Generated file DES_6_1200mv_0c_v_slow.sdo in folder "//eces172.colorado.edu/haynesjm/win7folders/Desktop/ECEN 3000/ECEN 3000/simulation/modelsim/" for EDA simulation tool
Info: Generated file DES_min_1200mv_0c_v_fast.sdo in folder "//eces172.colorado.edu/haynesjm/win7folders/Desktop/ECEN 3000/ECEN 3000/simulation/modelsim/" for EDA simulation tool
Info: Generated file DES_v.sdo in folder "//eces172.colorado.edu/haynesjm/win7folders/Desktop/ECEN 3000/ECEN 3000/simulation/modelsim/" for EDA simulation tool
Info: Quartus II EDA Netlist Writer was successful. 0 errors, 0 warnings
    Info: Peak virtual memory: 231 megabytes
    Info: Processing ended: Mon Jan 28 19:50:28 2013
    Info: Elapsed time: 00:00:02
    Info: Total CPU time (on all processors): 00:00:02


