Flow report for DES
Mon Jan 28 19:50:28 2013
Quartus II Version 10.1 Build 197 01/19/2011 Service Pack 1 SJ Web Edition


---------------------
; Table of Contents ;
---------------------
  1. Legal Notice
  2. Flow Summary
  3. Flow Settings
  4. Flow Non-Default Global Settings
  5. Flow Elapsed Time
  6. Flow OS Summary
  7. Flow Log



----------------
; Legal Notice ;
----------------
Copyright (C) 1991-2011 Altera Corporation
Your use of Altera Corporation's design tools, logic functions 
and other software and tools, and its AMPP partner logic 
functions, and any output files from any of the foregoing 
(including device programming or simulation files), and any 
associated documentation or information are expressly subject 
to the terms and conditions of the Altera Program License 
Subscription Agreement, Altera MegaCore Function License 
Agreement, or other applicable license agreement, including, 
without limitation, that your use is for the sole purpose of 
programming logic devices manufactured by Altera and sold by 
Altera or its authorized distributors.  Please refer to the 
applicable agreement for further details.



+------------------------------------------------------------------------------------+
; Flow Summary                                                                       ;
+------------------------------------+-----------------------------------------------+
; Flow Status                        ; Successful - Mon Jan 28 19:50:28 2013         ;
; Quartus II Version                 ; 10.1 Build 197 01/19/2011 SP 1 SJ Web Edition ;
; Revision Name                      ; DES                                           ;
; Top-level Entity Name              ; Out                                           ;
; Family                             ; Cyclone III                                   ;
; Device                             ; EP3C16F484C6                                  ;
; Timing Models                      ; Final                                         ;
; Total logic elements               ; 0 / 15,408 ( 0 % )                            ;
;     Total combinational functions  ; 0 / 15,408 ( 0 % )                            ;
;     Dedicated logic registers      ; 0 / 15,408 ( 0 % )                            ;
; Total registers                    ; 0                                             ;
; Total pins                         ; 28 / 347 ( 8 % )                              ;
; Total virtual pins                 ; 0                                             ;
; Total memory bits                  ; 0 / 516,096 ( 0 % )                           ;
; Embedded Multiplier 9-bit elements ; 0 / 112 ( 0 % )                               ;
; Total PLLs                         ; 0 / 4 ( 0 % )                                 ;
+------------------------------------+-----------------------------------------------+


+-----------------------------------------+
; Flow Settings                           ;
+-------------------+---------------------+
; Option            ; Setting             ;
+-------------------+---------------------+
; Start date & time ; 01/28/2013 19:49:56 ;
; Main task         ; Compilation         ;
; Revision Name     ; DES                 ;
+-------------------+---------------------+


+-----------------------------------------------------------------------------------------------------------------------------------------------------------------------+
; Flow Non-Default Global Settings                                                                                                                                      ;
+--------------------------------------+---------------------------------------------------------------------------------+---------------+-------------+----------------+
; Assignment Name                      ; Value                                                                           ; Default Value ; Entity Name ; Section Id     ;
+--------------------------------------+---------------------------------------------------------------------------------+---------------+-------------+----------------+
; COMPILER_SIGNATURE_ID                ; 110516133297.135942779505772                                                    ; --            ; --          ; --             ;
; EDA_DESIGN_INSTANCE_NAME             ; NA                                                                              ; --            ; --          ; DES_Testbench  ;
; EDA_NATIVELINK_SIMULATION_TEST_BENCH ; DES_Testbench                                                                   ; --            ; --          ; eda_simulation ;
; EDA_NETLIST_WRITER_OUTPUT_DIR        ; simulation/modelsim                                                             ; --            ; --          ; eda_simulation ;
; EDA_OUTPUT_DATA_FORMAT               ; Verilog Hdl                                                                     ; --            ; --          ; eda_simulation ;
; EDA_SIMULATION_TOOL                  ; ModelSim-Altera (Verilog)                                                       ; <None>        ; --          ; --             ;
; EDA_TEST_BENCH_ENABLE_STATUS         ; TEST_BENCH_MODE                                                                 ; --            ; --          ; eda_simulation ;
; EDA_TEST_BENCH_FILE                  ; DES_Testbench.v                                                                 ; --            ; --          ; DES_Testbench  ;
; EDA_TEST_BENCH_MODULE_NAME           ; DES_Testbench                                                                   ; --            ; --          ; DES_Testbench  ;
; EDA_TEST_BENCH_NAME                  ; DES_Testbench                                                                   ; --            ; --          ; eda_simulation ;
; EDA_TIME_SCALE                       ; 1 ps                                                                            ; --            ; --          ; eda_simulation ;
; MAX_CORE_JUNCTION_TEMP               ; 85                                                                              ; --            ; --          ; --             ;
; MIN_CORE_JUNCTION_TEMP               ; 0                                                                               ; --            ; --          ; --             ;
; MISC_FILE                            ; \\eces172.colorado.edu\haynesjm\win7folders\Desktop\ECEN 3000\ECEN 3000\DES.dpf ; --            ; --          ; --             ;
; PARTITION_COLOR                      ; 16764057                                                                        ; --            ; Out         ; Top            ;
; PARTITION_FITTER_PRESERVATION_LEVEL  ; PLACEMENT_AND_ROUTING                                                           ; --            ; Out         ; Top            ;
; PARTITION_NETLIST_TYPE               ; SOURCE                                                                          ; --            ; Out         ; Top            ;
; POWER_BOARD_THERMAL_MODEL            ; None (CONSERVATIVE)                                                             ; --            ; --          ; --             ;
; POWER_PRESET_COOLING_SOLUTION        ; 23 MM HEAT SINK WITH 200 LFPM AIRFLOW                                           ; --            ; --          ; --             ;
; TOP_LEVEL_ENTITY                     ; Out                                                                             ; DES           ; --          ; --             ;
+--------------------------------------+---------------------------------------------------------------------------------+---------------+-------------+----------------+


+-------------------------------------------------------------------------------------------------------------------------------+
; Flow Elapsed Time                                                                                                             ;
+---------------------------+--------------+-------------------------+---------------------+------------------------------------+
; Module Name               ; Elapsed Time ; Average Processors Used ; Peak Virtual Memory ; Total CPU Time (on all processors) ;
+---------------------------+--------------+-------------------------+---------------------+------------------------------------+
; Analysis & Synthesis      ; 00:00:07     ; 1.0                     ; 262 MB              ; 00:00:04                           ;
; Fitter                    ; 00:00:10     ; 1.0                     ; 328 MB              ; 00:00:08                           ;
; Assembler                 ; 00:00:04     ; 1.0                     ; 255 MB              ; 00:00:03                           ;
; TimeQuest Timing Analyzer ; 00:00:07     ; 1.0                     ; 265 MB              ; 00:00:04                           ;
; EDA Netlist Writer        ; 00:00:02     ; 1.0                     ; 219 MB              ; 00:00:01                           ;
; Total                     ; 00:00:30     ; --                      ; --                  ; 00:00:20                           ;
+---------------------------+--------------+-------------------------+---------------------+------------------------------------+


+----------------------------------------------------------------------------------------+
; Flow OS Summary                                                                        ;
+---------------------------+------------------+-----------+------------+----------------+
; Module Name               ; Machine Hostname ; OS Name   ; OS Version ; Processor type ;
+---------------------------+------------------+-----------+------------+----------------+
; Analysis & Synthesis      ; DALAB-XW4400-02  ; Windows 7 ; 6.1        ; x86_64         ;
; Fitter                    ; DALAB-XW4400-02  ; Windows 7 ; 6.1        ; x86_64         ;
; Assembler                 ; DALAB-XW4400-02  ; Windows 7 ; 6.1        ; x86_64         ;
; TimeQuest Timing Analyzer ; DALAB-XW4400-02  ; Windows 7 ; 6.1        ; x86_64         ;
; EDA Netlist Writer        ; DALAB-XW4400-02  ; Windows 7 ; 6.1        ; x86_64         ;
+---------------------------+------------------+-----------+------------+----------------+


------------
; Flow Log ;
------------
quartus_map --read_settings_files=on --write_settings_files=off DES -c DES
quartus_fit --read_settings_files=off --write_settings_files=off DES -c DES
quartus_asm --read_settings_files=off --write_settings_files=off DES -c DES
quartus_sta DES -c DES
quartus_eda --read_settings_files=off --write_settings_files=off DES -c DES



