Analysis & Synthesis report for DES
Mon Jan 28 19:50:03 2013
Quartus II Version 10.1 Build 197 01/19/2011 Service Pack 1 SJ Web Edition


---------------------
; Table of Contents ;
---------------------
  1. Legal Notice
  2. Analysis & Synthesis Summary
  3. Analysis & Synthesis Settings
  4. Parallel Compilation
  5. Analysis & Synthesis Source Files Read
  6. Analysis & Synthesis Resource Usage Summary
  7. Analysis & Synthesis Resource Utilization by Entity
  8. General Register Statistics
  9. Port Connectivity Checks: "DES:runDESOutput"
 10. Elapsed Time Per Partition
 11. Analysis & Synthesis Messages



----------------
; Legal Notice ;
----------------
Copyright (C) 1991-2011 Altera Corporation
Your use of Altera Corporation's design tools, logic functions 
and other software and tools, and its AMPP partner logic 
functions, and any output files from any of the foregoing 
(including device programming or simulation files), and any 
associated documentation or information are expressly subject 
to the terms and conditions of the Altera Program License 
Subscription Agreement, Altera MegaCore Function License 
Agreement, or other applicable license agreement, including, 
without limitation, that your use is for the sole purpose of 
programming logic devices manufactured by Altera and sold by 
Altera or its authorized distributors.  Please refer to the 
applicable agreement for further details.



+------------------------------------------------------------------------------------+
; Analysis & Synthesis Summary                                                       ;
+------------------------------------+-----------------------------------------------+
; Analysis & Synthesis Status        ; Successful - Mon Jan 28 19:50:03 2013         ;
; Quartus II Version                 ; 10.1 Build 197 01/19/2011 SP 1 SJ Web Edition ;
; Revision Name                      ; DES                                           ;
; Top-level Entity Name              ; Out                                           ;
; Family                             ; Cyclone III                                   ;
; Total logic elements               ; 0                                             ;
;     Total combinational functions  ; 0                                             ;
;     Dedicated logic registers      ; 0                                             ;
; Total registers                    ; 0                                             ;
; Total pins                         ; 28                                            ;
; Total virtual pins                 ; 0                                             ;
; Total memory bits                  ; 0                                             ;
; Embedded Multiplier 9-bit elements ; 0                                             ;
; Total PLLs                         ; 0                                             ;
+------------------------------------+-----------------------------------------------+


+----------------------------------------------------------------------------------------------------------------------+
; Analysis & Synthesis Settings                                                                                        ;
+----------------------------------------------------------------------------+--------------------+--------------------+
; Option                                                                     ; Setting            ; Default Value      ;
+----------------------------------------------------------------------------+--------------------+--------------------+
; Device                                                                     ; EP3C16F484C6       ;                    ;
; Top-level entity name                                                      ; Out                ; DES                ;
; Family name                                                                ; Cyclone III        ; Cyclone IV GX      ;
; Use smart compilation                                                      ; Off                ; Off                ;
; Enable parallel Assembler and TimeQuest Timing Analyzer during compilation ; On                 ; On                 ;
; Enable compact report table                                                ; Off                ; Off                ;
; Restructure Multiplexers                                                   ; Auto               ; Auto               ;
; Create Debugging Nodes for IP Cores                                        ; Off                ; Off                ;
; Preserve fewer node names                                                  ; On                 ; On                 ;
; Disable OpenCore Plus hardware evaluation                                  ; Off                ; Off                ;
; Verilog Version                                                            ; Verilog_2001       ; Verilog_2001       ;
; VHDL Version                                                               ; VHDL_1993          ; VHDL_1993          ;
; State Machine Processing                                                   ; Auto               ; Auto               ;
; Safe State Machine                                                         ; Off                ; Off                ;
; Extract Verilog State Machines                                             ; On                 ; On                 ;
; Extract VHDL State Machines                                                ; On                 ; On                 ;
; Ignore Verilog initial constructs                                          ; Off                ; Off                ;
; Iteration limit for constant Verilog loops                                 ; 5000               ; 5000               ;
; Iteration limit for non-constant Verilog loops                             ; 250                ; 250                ;
; Add Pass-Through Logic to Inferred RAMs                                    ; On                 ; On                 ;
; Parallel Synthesis                                                         ; On                 ; On                 ;
; DSP Block Balancing                                                        ; Auto               ; Auto               ;
; NOT Gate Push-Back                                                         ; On                 ; On                 ;
; Power-Up Don't Care                                                        ; On                 ; On                 ;
; Remove Redundant Logic Cells                                               ; Off                ; Off                ;
; Remove Duplicate Registers                                                 ; On                 ; On                 ;
; Ignore CARRY Buffers                                                       ; Off                ; Off                ;
; Ignore CASCADE Buffers                                                     ; Off                ; Off                ;
; Ignore GLOBAL Buffers                                                      ; Off                ; Off                ;
; Ignore ROW GLOBAL Buffers                                                  ; Off                ; Off                ;
; Ignore LCELL Buffers                                                       ; Off                ; Off                ;
; Ignore SOFT Buffers                                                        ; On                 ; On                 ;
; Limit AHDL Integers to 32 Bits                                             ; Off                ; Off                ;
; Optimization Technique                                                     ; Balanced           ; Balanced           ;
; Carry Chain Length                                                         ; 70                 ; 70                 ;
; Auto Carry Chains                                                          ; On                 ; On                 ;
; Auto Open-Drain Pins                                                       ; On                 ; On                 ;
; Perform WYSIWYG Primitive Resynthesis                                      ; Off                ; Off                ;
; Auto ROM Replacement                                                       ; On                 ; On                 ;
; Auto RAM Replacement                                                       ; On                 ; On                 ;
; Auto DSP Block Replacement                                                 ; On                 ; On                 ;
; Auto Shift Register Replacement                                            ; Auto               ; Auto               ;
; Auto Clock Enable Replacement                                              ; On                 ; On                 ;
; Strict RAM Replacement                                                     ; Off                ; Off                ;
; Allow Synchronous Control Signals                                          ; On                 ; On                 ;
; Force Use of Synchronous Clear Signals                                     ; Off                ; Off                ;
; Auto RAM Block Balancing                                                   ; On                 ; On                 ;
; Auto RAM to Logic Cell Conversion                                          ; Off                ; Off                ;
; Auto Resource Sharing                                                      ; Off                ; Off                ;
; Allow Any RAM Size For Recognition                                         ; Off                ; Off                ;
; Allow Any ROM Size For Recognition                                         ; Off                ; Off                ;
; Allow Any Shift Register Size For Recognition                              ; Off                ; Off                ;
; Use LogicLock Constraints during Resource Balancing                        ; On                 ; On                 ;
; Ignore translate_off and synthesis_off directives                          ; Off                ; Off                ;
; Timing-Driven Synthesis                                                    ; On                 ; On                 ;
; Report Parameter Settings                                                  ; On                 ; On                 ;
; Report Source Assignments                                                  ; On                 ; On                 ;
; Report Connectivity Checks                                                 ; On                 ; On                 ;
; Ignore Maximum Fan-Out Assignments                                         ; Off                ; Off                ;
; Synchronization Register Chain Length                                      ; 2                  ; 2                  ;
; PowerPlay Power Optimization                                               ; Normal compilation ; Normal compilation ;
; HDL message level                                                          ; Level2             ; Level2             ;
; Suppress Register Optimization Related Messages                            ; Off                ; Off                ;
; Number of Removed Registers Reported in Synthesis Report                   ; 5000               ; 5000               ;
; Number of Inverted Registers Reported in Synthesis Report                  ; 100                ; 100                ;
; Clock MUX Protection                                                       ; On                 ; On                 ;
; Auto Gated Clock Conversion                                                ; Off                ; Off                ;
; Block Design Naming                                                        ; Auto               ; Auto               ;
; SDC constraint protection                                                  ; Off                ; Off                ;
; Synthesis Effort                                                           ; Auto               ; Auto               ;
; Shift Register Replacement - Allow Asynchronous Clear Signal               ; On                 ; On                 ;
; Analysis & Synthesis Message Level                                         ; Medium             ; Medium             ;
; Disable Register Merging Across Hierarchies                                ; Auto               ; Auto               ;
; Resource Aware Inference For Block RAM                                     ; On                 ; On                 ;
; Synthesis Seed                                                             ; 1                  ; 1                  ;
+----------------------------------------------------------------------------+--------------------+--------------------+


Parallel compilation was disabled, but you have multiple processors available. Enable parallel compilation to reduce compilation time.
+-------------------------------------+
; Parallel Compilation                ;
+----------------------------+--------+
; Processors                 ; Number ;
+----------------------------+--------+
; Number detected on machine ; 2      ;
; Maximum allowed            ; 1      ;
+----------------------------+--------+


+--------------------------------------------------------------------------------------------------------------------------------------------------------------------------------------------------------------------------------------------+
; Analysis & Synthesis Source Files Read                                                                                                                                                                                                     ;
+------------------------------------------------------------------------------------------------+-----------------+------------------------+------------------------------------------------------------------------------------------------+
; File Name with User-Entered Path                                                               ; Used in Netlist ; File Type              ; File Name with Absolute Path                                                                   ;
+------------------------------------------------------------------------------------------------+-----------------+------------------------+------------------------------------------------------------------------------------------------+
; //eces172.colorado.edu/haynesjm/win7folders/Desktop/ECEN 3000/ECEN 3000/DES.v                  ; yes             ; User Verilog HDL File  ; //eces172.colorado.edu/haynesjm/win7folders/Desktop/ECEN 3000/ECEN 3000/DES.v                  ;
; //eces172.colorado.edu/haynesjm/win7folders/Desktop/ECEN 3000/ECEN 3000/GetKPlus.v             ; yes             ; User Verilog HDL File  ; //eces172.colorado.edu/haynesjm/win7folders/Desktop/ECEN 3000/ECEN 3000/GetKPlus.v             ;
; //eces172.colorado.edu/haynesjm/win7folders/Desktop/ECEN 3000/ECEN 3000/Split_56.v             ; yes             ; User Verilog HDL File  ; //eces172.colorado.edu/haynesjm/win7folders/Desktop/ECEN 3000/ECEN 3000/Split_56.v             ;
; //eces172.colorado.edu/haynesjm/win7folders/Desktop/ECEN 3000/ECEN 3000/Out.v                  ; yes             ; User Verilog HDL File  ; //eces172.colorado.edu/haynesjm/win7folders/Desktop/ECEN 3000/ECEN 3000/Out.v                  ;
; //eces172.colorado.edu/haynesjm/win7folders/Desktop/ECEN 3000/ECEN 3000/Ring_Shift_28.v        ; yes             ; User Verilog HDL File  ; //eces172.colorado.edu/haynesjm/win7folders/Desktop/ECEN 3000/ECEN 3000/Ring_Shift_28.v        ;
; //eces172.colorado.edu/haynesjm/win7folders/Desktop/ECEN 3000/ECEN 3000/Ring_Shift2_28.v       ; yes             ; User Verilog HDL File  ; //eces172.colorado.edu/haynesjm/win7folders/Desktop/ECEN 3000/ECEN 3000/Ring_Shift2_28.v       ;
; //eces172.colorado.edu/haynesjm/win7folders/Desktop/ECEN 3000/ECEN 3000/GetSubKeys.v           ; yes             ; User Verilog HDL File  ; //eces172.colorado.edu/haynesjm/win7folders/Desktop/ECEN 3000/ECEN 3000/GetSubKeys.v           ;
; //eces172.colorado.edu/haynesjm/win7folders/Desktop/ECEN 3000/ECEN 3000/GetInitialPermuation.v ; yes             ; User Verilog HDL File  ; //eces172.colorado.edu/haynesjm/win7folders/Desktop/ECEN 3000/ECEN 3000/GetInitialPermuation.v ;
; //eces172.colorado.edu/haynesjm/win7folders/Desktop/ECEN 3000/ECEN 3000/Split_64.v             ; yes             ; User Verilog HDL File  ; //eces172.colorado.edu/haynesjm/win7folders/Desktop/ECEN 3000/ECEN 3000/Split_64.v             ;
; //eces172.colorado.edu/haynesjm/win7folders/Desktop/ECEN 3000/ECEN 3000/GetE.v                 ; yes             ; User Verilog HDL File  ; //eces172.colorado.edu/haynesjm/win7folders/Desktop/ECEN 3000/ECEN 3000/GetE.v                 ;
; //eces172.colorado.edu/haynesjm/win7folders/Desktop/ECEN 3000/ECEN 3000/getF.v                 ; yes             ; User Verilog HDL File  ; //eces172.colorado.edu/haynesjm/win7folders/Desktop/ECEN 3000/ECEN 3000/getF.v                 ;
; //eces172.colorado.edu/haynesjm/win7folders/Desktop/ECEN 3000/ECEN 3000/SBoxTransformation.v   ; yes             ; User Verilog HDL File  ; //eces172.colorado.edu/haynesjm/win7folders/Desktop/ECEN 3000/ECEN 3000/SBoxTransformation.v   ;
; //eces172.colorado.edu/haynesjm/win7folders/Desktop/ECEN 3000/ECEN 3000/GetPPermutation.v      ; yes             ; User Verilog HDL File  ; //eces172.colorado.edu/haynesjm/win7folders/Desktop/ECEN 3000/ECEN 3000/GetPPermutation.v      ;
; //eces172.colorado.edu/haynesjm/win7folders/Desktop/ECEN 3000/ECEN 3000/GetFinalPermutation.v  ; yes             ; User Verilog HDL File  ; //eces172.colorado.edu/haynesjm/win7folders/Desktop/ECEN 3000/ECEN 3000/GetFinalPermutation.v  ;
; //eces172.colorado.edu/haynesjm/win7folders/Desktop/ECEN 3000/ECEN 3000/HexToSevenSeg.v        ; yes             ; User Verilog HDL File  ; //eces172.colorado.edu/haynesjm/win7folders/Desktop/ECEN 3000/ECEN 3000/HexToSevenSeg.v        ;
+------------------------------------------------------------------------------------------------+-----------------+------------------------+------------------------------------------------------------------------------------------------+


+--------------------------------------------------------------+
; Analysis & Synthesis Resource Usage Summary                  ;
+---------------------------------------------+----------------+
; Resource                                    ; Usage          ;
+---------------------------------------------+----------------+
;                                             ;                ;
; Total combinational functions               ; 0              ;
; Logic element usage by number of LUT inputs ;                ;
;     -- 4 input functions                    ; 0              ;
;     -- 3 input functions                    ; 0              ;
;     -- <=2 input functions                  ; 0              ;
;                                             ;                ;
; Logic elements by mode                      ;                ;
;     -- normal mode                          ; 0              ;
;     -- arithmetic mode                      ; 0              ;
;                                             ;                ;
; Total registers                             ; 0              ;
;     -- Dedicated logic registers            ; 0              ;
;     -- I/O registers                        ; 0              ;
;                                             ;                ;
; I/O pins                                    ; 28             ;
; Maximum fan-out node                        ; HEX0[6]~output ;
; Maximum fan-out                             ; 1              ;
; Total fan-out                               ; 28             ;
; Average fan-out                             ; 0.50           ;
+---------------------------------------------+----------------+


+-----------------------------------------------------------------------------------------------------------------------------------------------------------------------------+
; Analysis & Synthesis Resource Utilization by Entity                                                                                                                         ;
+----------------------------+-------------------+--------------+-------------+--------------+---------+-----------+------+--------------+---------------------+--------------+
; Compilation Hierarchy Node ; LC Combinationals ; LC Registers ; Memory Bits ; DSP Elements ; DSP 9x9 ; DSP 18x18 ; Pins ; Virtual Pins ; Full Hierarchy Name ; Library Name ;
+----------------------------+-------------------+--------------+-------------+--------------+---------+-----------+------+--------------+---------------------+--------------+
; |Out                       ; 0 (0)             ; 0 (0)        ; 0           ; 0            ; 0       ; 0         ; 28   ; 0            ; |Out                ;              ;
+----------------------------+-------------------+--------------+-------------+--------------+---------+-----------+------+--------------+---------------------+--------------+
Note: For table entries with two numbers listed, the numbers in parentheses indicate the number of resources of the given type used by the specific entity alone. The numbers listed outside of parentheses indicate the total resources of the given type used by the specific entity and all of its sub-entities in the hierarchy.


+------------------------------------------------------+
; General Register Statistics                          ;
+----------------------------------------------+-------+
; Statistic                                    ; Value ;
+----------------------------------------------+-------+
; Total registers                              ; 0     ;
; Number of registers using Synchronous Clear  ; 0     ;
; Number of registers using Synchronous Load   ; 0     ;
; Number of registers using Asynchronous Clear ; 0     ;
; Number of registers using Asynchronous Load  ; 0     ;
; Number of registers using Clock Enable       ; 0     ;
; Number of registers using Preset             ; 0     ;
+----------------------------------------------+-------+


+-----------------------------------------------------------------------------------------------------------------------+
; Port Connectivity Checks: "DES:runDESOutput"                                                                          ;
+-------------+--------+----------+-------------------------------------------------------------------------------------+
; Port        ; Type   ; Severity ; Details                                                                             ;
+-------------+--------+----------+-------------------------------------------------------------------------------------+
; key[4..6]   ; Input  ; Info     ; Stuck at VCC                                                                        ;
; key[10..11] ; Input  ; Info     ; Stuck at VCC                                                                        ;
; key[26..27] ; Input  ; Info     ; Stuck at VCC                                                                        ;
; key[32..34] ; Input  ; Info     ; Stuck at VCC                                                                        ;
; key[41..42] ; Input  ; Info     ; Stuck at VCC                                                                        ;
; key[44..45] ; Input  ; Info     ; Stuck at VCC                                                                        ;
; key[52..53] ; Input  ; Info     ; Stuck at VCC                                                                        ;
; key[57..59] ; Input  ; Info     ; Stuck at VCC                                                                        ;
; key[62..63] ; Input  ; Info     ; Stuck at VCC                                                                        ;
; key[0..3]   ; Input  ; Info     ; Stuck at GND                                                                        ;
; key[7..9]   ; Input  ; Info     ; Stuck at GND                                                                        ;
; key[12..13] ; Input  ; Info     ; Stuck at GND                                                                        ;
; key[17..18] ; Input  ; Info     ; Stuck at GND                                                                        ;
; key[20..21] ; Input  ; Info     ; Stuck at GND                                                                        ;
; key[23..25] ; Input  ; Info     ; Stuck at GND                                                                        ;
; key[28..29] ; Input  ; Info     ; Stuck at GND                                                                        ;
; key[39..40] ; Input  ; Info     ; Stuck at GND                                                                        ;
; key[48..51] ; Input  ; Info     ; Stuck at GND                                                                        ;
; key[60..61] ; Input  ; Info     ; Stuck at GND                                                                        ;
; key[14]     ; Input  ; Info     ; Stuck at VCC                                                                        ;
; key[15]     ; Input  ; Info     ; Stuck at GND                                                                        ;
; key[16]     ; Input  ; Info     ; Stuck at VCC                                                                        ;
; key[19]     ; Input  ; Info     ; Stuck at VCC                                                                        ;
; key[22]     ; Input  ; Info     ; Stuck at VCC                                                                        ;
; key[30]     ; Input  ; Info     ; Stuck at VCC                                                                        ;
; key[31]     ; Input  ; Info     ; Stuck at GND                                                                        ;
; key[35]     ; Input  ; Info     ; Stuck at GND                                                                        ;
; key[36]     ; Input  ; Info     ; Stuck at VCC                                                                        ;
; key[37]     ; Input  ; Info     ; Stuck at GND                                                                        ;
; key[38]     ; Input  ; Info     ; Stuck at VCC                                                                        ;
; key[43]     ; Input  ; Info     ; Stuck at GND                                                                        ;
; key[46]     ; Input  ; Info     ; Stuck at GND                                                                        ;
; key[47]     ; Input  ; Info     ; Stuck at VCC                                                                        ;
; key[54]     ; Input  ; Info     ; Stuck at GND                                                                        ;
; key[55]     ; Input  ; Info     ; Stuck at VCC                                                                        ;
; key[56]     ; Input  ; Info     ; Stuck at GND                                                                        ;
; din[5..8]   ; Input  ; Info     ; Stuck at VCC                                                                        ;
; din[13..16] ; Input  ; Info     ; Stuck at VCC                                                                        ;
; din[21..24] ; Input  ; Info     ; Stuck at VCC                                                                        ;
; din[29..32] ; Input  ; Info     ; Stuck at VCC                                                                        ;
; din[37..40] ; Input  ; Info     ; Stuck at VCC                                                                        ;
; din[45..48] ; Input  ; Info     ; Stuck at VCC                                                                        ;
; din[53..56] ; Input  ; Info     ; Stuck at VCC                                                                        ;
; din[61..63] ; Input  ; Info     ; Stuck at VCC                                                                        ;
; din[1..4]   ; Input  ; Info     ; Stuck at GND                                                                        ;
; din[9..12]  ; Input  ; Info     ; Stuck at GND                                                                        ;
; din[17..20] ; Input  ; Info     ; Stuck at GND                                                                        ;
; din[25..28] ; Input  ; Info     ; Stuck at GND                                                                        ;
; din[33..36] ; Input  ; Info     ; Stuck at GND                                                                        ;
; din[41..44] ; Input  ; Info     ; Stuck at GND                                                                        ;
; din[49..52] ; Input  ; Info     ; Stuck at GND                                                                        ;
; din[57..60] ; Input  ; Info     ; Stuck at GND                                                                        ;
; din[0]      ; Input  ; Info     ; Stuck at VCC                                                                        ;
; dout[0..47] ; Output ; Info     ; Connected to dangling logic. Logic that only feeds a dangling port will be removed. ;
+-------------+--------+----------+-------------------------------------------------------------------------------------+


+-------------------------------+
; Elapsed Time Per Partition    ;
+----------------+--------------+
; Partition Name ; Elapsed Time ;
+----------------+--------------+
; Top            ; 00:00:00     ;
+----------------+--------------+


+-------------------------------+
; Analysis & Synthesis Messages ;
+-------------------------------+
Info: *******************************************************************
Info: Running Quartus II Analysis & Synthesis
    Info: Version 10.1 Build 197 01/19/2011 Service Pack 1 SJ Web Edition
    Info: Processing started: Mon Jan 28 19:49:54 2013
Info: Command: quartus_map --read_settings_files=on --write_settings_files=off DES -c DES
Info: Found 1 design units, including 1 entities, in source file des_testbench.v
    Info: Found entity 1: DES_Testbench
Info: Found 1 design units, including 1 entities, in source file des.v
    Info: Found entity 1: DES
Info: Found 1 design units, including 1 entities, in source file getkplus.v
    Info: Found entity 1: GetKPlus
Info: Found 1 design units, including 1 entities, in source file split_56.v
    Info: Found entity 1: Split_56
Info: Found 1 design units, including 1 entities, in source file out.v
    Info: Found entity 1: Out
Info: Found 1 design units, including 1 entities, in source file ring_shift_28.v
    Info: Found entity 1: Ring_Shift_28
Info: Found 1 design units, including 1 entities, in source file ring_shift2_28.v
    Info: Found entity 1: Ring_Shift2_28
Info: Found 1 design units, including 1 entities, in source file getsubkeys.v
    Info: Found entity 1: GetSubKeys
Info: Found 1 design units, including 1 entities, in source file getinitialpermuation.v
    Info: Found entity 1: GetInitialPermuation
Info: Found 1 design units, including 1 entities, in source file split_64.v
    Info: Found entity 1: Split_64
Info: Found 1 design units, including 1 entities, in source file gete.v
    Info: Found entity 1: GetE
Info: Found 1 design units, including 1 entities, in source file getf.v
    Info: Found entity 1: getF
Info: Found 1 design units, including 1 entities, in source file sboxtransformation.v
    Info: Found entity 1: SBoxTransformation
Info: Found 1 design units, including 1 entities, in source file getppermutation.v
    Info: Found entity 1: GetPPermutation
Info: Found 1 design units, including 1 entities, in source file getfinalpermutation.v
    Info: Found entity 1: GetFinalPermutation
Info: Found 1 design units, including 1 entities, in source file hextosevenseg.v
    Info: Found entity 1: HexToSevenSeg
Info: Elaborating entity "Out" for the top level hierarchy
Info: Elaborating entity "DES" for hierarchy "DES:runDESOutput"
Info: Elaborating entity "GetKPlus" for hierarchy "DES:runDESOutput|GetKPlus:getKPlus"
Info: Elaborating entity "Split_56" for hierarchy "DES:runDESOutput|Split_56:splitKPlus"
Info: Elaborating entity "Ring_Shift_28" for hierarchy "DES:runDESOutput|Ring_Shift_28:C1"
Info: Elaborating entity "Ring_Shift2_28" for hierarchy "DES:runDESOutput|Ring_Shift2_28:C3"
Info: Elaborating entity "GetSubKeys" for hierarchy "DES:runDESOutput|GetSubKeys:K1"
Info: Elaborating entity "GetInitialPermuation" for hierarchy "DES:runDESOutput|GetInitialPermuation:getIP"
Info: Elaborating entity "Split_64" for hierarchy "DES:runDESOutput|Split_64:splitIt"
Info: Elaborating entity "getF" for hierarchy "DES:runDESOutput|getF:F1"
Info: Elaborating entity "GetE" for hierarchy "DES:runDESOutput|getF:F1|GetE:getE"
Info: Elaborating entity "SBoxTransformation" for hierarchy "DES:runDESOutput|getF:F1|SBoxTransformation:sBox"
Info: Elaborating entity "GetPPermutation" for hierarchy "DES:runDESOutput|getF:F1|GetPPermutation:getPPerm"
Info: Elaborating entity "GetFinalPermutation" for hierarchy "DES:runDESOutput|GetFinalPermutation:getFinalPermutation"
Info: Elaborating entity "HexToSevenSeg" for hierarchy "HexToSevenSeg:hex0Seg"
Warning: Output pins are stuck at VCC or GND
    Warning (13410): Pin "HEX0[6]" is stuck at VCC
    Warning (13410): Pin "HEX0[5]" is stuck at GND
    Warning (13410): Pin "HEX0[4]" is stuck at GND
    Warning (13410): Pin "HEX0[3]" is stuck at GND
    Warning (13410): Pin "HEX0[2]" is stuck at GND
    Warning (13410): Pin "HEX0[1]" is stuck at GND
    Warning (13410): Pin "HEX0[0]" is stuck at GND
    Warning (13410): Pin "HEX1[6]" is stuck at VCC
    Warning (13410): Pin "HEX1[5]" is stuck at GND
    Warning (13410): Pin "HEX1[4]" is stuck at GND
    Warning (13410): Pin "HEX1[3]" is stuck at GND
    Warning (13410): Pin "HEX1[2]" is stuck at GND
    Warning (13410): Pin "HEX1[1]" is stuck at GND
    Warning (13410): Pin "HEX1[0]" is stuck at GND
    Warning (13410): Pin "HEX2[6]" is stuck at VCC
    Warning (13410): Pin "HEX2[5]" is stuck at GND
    Warning (13410): Pin "HEX2[4]" is stuck at GND
    Warning (13410): Pin "HEX2[3]" is stuck at GND
    Warning (13410): Pin "HEX2[2]" is stuck at GND
    Warning (13410): Pin "HEX2[1]" is stuck at GND
    Warning (13410): Pin "HEX2[0]" is stuck at GND
    Warning (13410): Pin "HEX3[6]" is stuck at VCC
    Warning (13410): Pin "HEX3[5]" is stuck at GND
    Warning (13410): Pin "HEX3[4]" is stuck at GND
    Warning (13410): Pin "HEX3[3]" is stuck at GND
    Warning (13410): Pin "HEX3[2]" is stuck at GND
    Warning (13410): Pin "HEX3[1]" is stuck at GND
    Warning (13410): Pin "HEX3[0]" is stuck at GND
Info: Generating hard_block partition "hard_block:auto_generated_inst"
Info: Implemented 28 device resources after synthesis - the final resource count might be different
    Info: Implemented 0 input pins
    Info: Implemented 28 output pins
Info: Quartus II Analysis & Synthesis was successful. 0 errors, 29 warnings
    Info: Peak virtual memory: 262 megabytes
    Info: Processing ended: Mon Jan 28 19:50:03 2013
    Info: Elapsed time: 00:00:09
    Info: Total CPU time (on all processors): 00:00:04


